<?xml version="1.0" encoding="UTF-8"?>
<testsuite xmlns:xsi="http://www.w3.org/2001/XMLSchema-instance" xsi:noNamespaceSchemaLocation="https://maven.apache.org/surefire/maven-surefire-plugin/xsd/surefire-test-report.xsd" version="3.0.2" name="com.example.ProxyClient.ProxyClientApplicationTests" time="0.849" tests="1" errors="0" skipped="0" failures="0">
  <properties>
[...]
</properties>
  <testcase name="contextLoads" classname="com.example.ProxyClient.ProxyClientApplicationTests" time="0.461">
    <system-out><![CDATA[
  .   ____          _            __ _ _
 /\\ / ___'_ __ _ _(_)_ __  __ _ \ \ \ \
( ( )\___ | '_ | '_| | '_ \/ _` | \ \ \ \
 \\/  ___)| |_)| | | | | || (_| |  ) ) ) )
  '  |____| .__|_| |_|_| |_\__, | / / / /
 =========|_|==============|___/=/_/_/_/

 :: Spring Boot ::                (v3.4.4)

2025-03-31T16:37:46.741+05:30  INFO 9274 --- [ProxyClient] [           main] c.e.P.ProxyClientApplicationTests        : Starting ProxyClientApplicationTests using Java 17.0.14 with PID 9274 (started by satheesh-kumar in /home/satheesh-kumar/Downloads/TCP project/ProxyClient)
2025-03-31T16:37:46.743+05:30  INFO 9274 --- [ProxyClient] [           main] c.e.P.ProxyClientApplicationTests        : No active profile set, falling back to 1 default profile: "default"
2025-03-31T16:37:46.801+05:30  INFO 9274 --- [ProxyClient] [           main] c.e.P.ProxyClientApplicationTests        : Started ProxyClientApplicationTests in 0.229 seconds (process running for 0.655)
]]></system-out>
  </testcase>
</testsuite>